<?xml version="1.0" encoding="UTF-8"?>
<testng-results ignored="0" total="2" passed="2" failed="0" skipped="0">
  <reporter-output>
  </reporter-output>
  <suite started-at="2024-12-18T13:24:28 GST" name="multiibrowsertesting" finished-at="2024-12-18T13:25:14 GST" duration-ms="46596">
    <groups>
    </groups>
    <test started-at="2024-12-18T13:24:28 GST" name="Chrometest" finished-at="2024-12-18T13:24:34 GST" duration-ms="6696">
      <class name="testscript.AdminUserSearchTest">
        <test-method is-config="true" signature="beforeMethod(java.lang.String)[pri:0, instance:testscript.AdminUserSearchTest@185a6e9]" started-at="2024-12-18T13:24:28 GST" name="beforeMethod" finished-at="2024-12-18T13:24:31 GST" duration-ms="3561" status="PASS">
          <params>
            <param index="0">
              <value>
                <![CDATA[Chrome]]>
              </value>
            </param>
          </params>
          <reporter-output>
          </reporter-output>
        </test-method> <!-- beforeMethod -->
        <test-method signature="adminusersearchpage(java.lang.String)[pri:0, instance:testscript.AdminUserSearchTest@185a6e9]" started-at="2024-12-18T13:24:31 GST" name="adminusersearchpage" finished-at="2024-12-18T13:24:34 GST" duration-ms="2872" status="PASS">
          <params>
            <param index="0">
              <value>
                <![CDATA[bsndsdj]]>
              </value>
            </param>
          </params>
          <reporter-output>
          </reporter-output>
        </test-method> <!-- adminusersearchpage -->
        <test-method is-config="true" signature="afterMethod(org.testng.ITestResult)[pri:0, instance:testscript.AdminUserSearchTest@185a6e9]" started-at="2024-12-18T13:24:34 GST" name="afterMethod" finished-at="2024-12-18T13:24:34 GST" duration-ms="209" status="PASS">
          <params>
            <param index="0">
              <value>
                <![CDATA[[TestResult name=adminusersearchpage status=SUCCESS method=AdminUserSearchTest.adminusersearchpage(java.lang.String)[pri:0, instance:testscript.AdminUserSearchTest@185a6e9] output={null}]]]>
              </value>
            </param>
          </params>
          <reporter-output>
          </reporter-output>
        </test-method> <!-- afterMethod -->
      </class> <!-- testscript.AdminUserSearchTest -->
    </test> <!-- Chrometest -->
    <test started-at="2024-12-18T13:24:28 GST" name="Edgetest" finished-at="2024-12-18T13:25:14 GST" duration-ms="46596">
      <class name="testscript.AdminUserSearchTest">
        <test-method is-config="true" signature="beforeMethod(java.lang.String)[pri:0, instance:testscript.AdminUserSearchTest@757277dc]" started-at="2024-12-18T13:24:28 GST" name="beforeMethod" finished-at="2024-12-18T13:25:10 GST" duration-ms="42315" status="PASS">
          <params>
            <param index="0">
              <value>
                <![CDATA[Edge]]>
              </value>
            </param>
          </params>
          <reporter-output>
          </reporter-output>
        </test-method> <!-- beforeMethod -->
        <test-method signature="adminusersearchpage(java.lang.String)[pri:0, instance:testscript.AdminUserSearchTest@757277dc]" started-at="2024-12-18T13:25:10 GST" name="adminusersearchpage" finished-at="2024-12-18T13:25:13 GST" duration-ms="2998" status="PASS">
          <params>
            <param index="0">
              <value>
                <![CDATA[bsndsdj]]>
              </value>
            </param>
          </params>
          <reporter-output>
          </reporter-output>
        </test-method> <!-- adminusersearchpage -->
        <test-method is-config="true" signature="afterMethod(org.testng.ITestResult)[pri:0, instance:testscript.AdminUserSearchTest@757277dc]" started-at="2024-12-18T13:25:13 GST" name="afterMethod" finished-at="2024-12-18T13:25:14 GST" duration-ms="1231" status="PASS">
          <params>
            <param index="0">
              <value>
                <![CDATA[[TestResult name=adminusersearchpage status=SUCCESS method=AdminUserSearchTest.adminusersearchpage(java.lang.String)[pri:0, instance:testscript.AdminUserSearchTest@757277dc] output={null}]]]>
              </value>
            </param>
          </params>
          <reporter-output>
          </reporter-output>
        </test-method> <!-- afterMethod -->
      </class> <!-- testscript.AdminUserSearchTest -->
    </test> <!-- Edgetest -->
  </suite> <!-- multiibrowsertesting -->
</testng-results>
